Using pre-set license
Built from '2021.3/staging' branch; Version is '2021.3.25f1 (68ef2c4f8861) revision 6876972'; Using compiler version '192829333'; Build Type 'Release'
OS: 'Windows 11  (10.0.22621) 64bit Professional' Language: 'ru' Physical Memory: 65439 MB
BatchMode: 1, IsHumanControllingUs: 0, StartBugReporterOnCrash: 0, Is64bit: 1, IsPro: 1

COMMAND LINE ARGUMENTS:
A:\Work Program\5-Creature\Unity Stack\Unity\2021.3.25f1\Editor\Unity.exe
-adb2
-batchMode
-noUpm
-name
AssetImportWorker0
-projectPath
A:/Work Program/5-Creature/Unity Stack/Game_Projects/SkillBox_Project_CK_Sample_Scene
-logFile
Logs/AssetImportWorker0.log
-srvPort
51552
Successfully changed project path to: A:/Work Program/5-Creature/Unity Stack/Game_Projects/SkillBox_Project_CK_Sample_Scene
A:/Work Program/5-Creature/Unity Stack/Game_Projects/SkillBox_Project_CK_Sample_Scene
[UnityMemory] Configuration Parameters - Can be set up in boot.config
    "memorysetup-bucket-allocator-granularity=16"
    "memorysetup-bucket-allocator-bucket-count=8"
    "memorysetup-bucket-allocator-block-size=33554432"
    "memorysetup-bucket-allocator-block-count=8"
    "memorysetup-main-allocator-block-size=16777216"
    "memorysetup-thread-allocator-block-size=16777216"
    "memorysetup-gfx-main-allocator-block-size=16777216"
    "memorysetup-gfx-thread-allocator-block-size=16777216"
    "memorysetup-cache-allocator-block-size=4194304"
    "memorysetup-typetree-allocator-block-size=2097152"
    "memorysetup-profiler-bucket-allocator-granularity=16"
    "memorysetup-profiler-bucket-allocator-bucket-count=8"
    "memorysetup-profiler-bucket-allocator-block-size=33554432"
    "memorysetup-profiler-bucket-allocator-block-count=8"
    "memorysetup-profiler-allocator-block-size=16777216"
    "memorysetup-profiler-editor-allocator-block-size=1048576"
    "memorysetup-temp-allocator-size-main=16777216"
    "memorysetup-job-temp-allocator-block-size=2097152"
    "memorysetup-job-temp-allocator-block-size-background=1048576"
    "memorysetup-job-temp-allocator-reduction-small-platforms=262144"
    "memorysetup-temp-allocator-size-background-worker=32768"
    "memorysetup-temp-allocator-size-job-worker=262144"
    "memorysetup-temp-allocator-size-preload-manager=33554432"
    "memorysetup-temp-allocator-size-nav-mesh-worker=65536"
    "memorysetup-temp-allocator-size-audio-worker=65536"
    "memorysetup-temp-allocator-size-cloud-worker=32768"
    "memorysetup-temp-allocator-size-gi-baking-worker=262144"
    "memorysetup-temp-allocator-size-gfx=262144"
Player connection [25200] Host "[IP] 192.168.1.82 [Port] 0 [Flags] 2 [Guid] 2434193651 [EditorId] 2434193651 [Version] 1048832 [Id] WindowsEditor(7,L1TANK) [Debug] 1 [PackageName] WindowsEditor [ProjectName] Editor" joined multi-casting on [225.0.0.222:54997]...

Player connection [25200] Host "[IP] 192.168.1.82 [Port] 0 [Flags] 2 [Guid] 2434193651 [EditorId] 2434193651 [Version] 1048832 [Id] WindowsEditor(7,L1TANK) [Debug] 1 [PackageName] WindowsEditor [ProjectName] Editor" joined alternative multi-casting on [225.0.0.222:34997]...

Refreshing native plugins compatible for Editor in 126.96 ms, found 3 plugins.
Preloading 0 native plugins for Editor in 0.00 ms.
Initialize engine version: 2021.3.25f1 (68ef2c4f8861)
[Subsystems] Discovering subsystems at path A:/Work Program/5-Creature/Unity Stack/Unity/2021.3.25f1/Editor/Data/Resources/UnitySubsystems
[Subsystems] Discovering subsystems at path A:/Work Program/5-Creature/Unity Stack/Game_Projects/SkillBox_Project_CK_Sample_Scene/Assets
GfxDevice: creating device client; threaded=0; jobified=0
Direct3D:
    Version:  Direct3D 11.0 [level 11.1]
    Renderer: NVIDIA GeForce RTX 3070 (ID=0x2488)
    Vendor:   NVIDIA
    VRAM:     8032 MB
    Driver:   31.0.15.3758
Initialize mono
Mono path[0] = 'A:/Work Program/5-Creature/Unity Stack/Unity/2021.3.25f1/Editor/Data/Managed'
Mono path[1] = 'A:/Work Program/5-Creature/Unity Stack/Unity/2021.3.25f1/Editor/Data/MonoBleedingEdge/lib/mono/unityjit-win32'
Mono config path = 'A:/Work Program/5-Creature/Unity Stack/Unity/2021.3.25f1/Editor/Data/MonoBleedingEdge/etc'
Using monoOptions --debugger-agent=transport=dt_socket,embedding=1,server=y,suspend=n,address=127.0.0.1:56524
Begin MonoManager ReloadAssembly
Registering precompiled unity dll's ...
Register platform support module: A:/Work Program/5-Creature/Unity Stack/Unity/2021.3.25f1/Editor/Data/PlaybackEngines/WebGLSupport/UnityEditor.WebGL.Extensions.dll
Register platform support module: A:/Work Program/5-Creature/Unity Stack/Unity/2021.3.25f1/Editor/Data/PlaybackEngines/WindowsStandaloneSupport/UnityEditor.WindowsStandalone.Extensions.dll
Registered in 0.002940 seconds.
Native extension for WindowsStandalone target not found
Native extension for WebGL target not found
Refreshing native plugins compatible for Editor in 128.22 ms, found 3 plugins.
Preloading 0 native plugins for Editor in 0.00 ms.
Mono: successfully reloaded assembly
- Completed reload, in  0.566 seconds
Domain Reload Profiling:
	ReloadAssembly (567ms)
		BeginReloadAssembly (59ms)
			ExecutionOrderSort (0ms)
			DisableScriptedObjects (0ms)
			BackupInstance (0ms)
			ReleaseScriptingObjects (0ms)
			CreateAndSetChildDomain (1ms)
		EndReloadAssembly (434ms)
			LoadAssemblies (58ms)
			RebuildTransferFunctionScriptingTraits (0ms)
			SetupTypeCache (87ms)
			ReleaseScriptCaches (0ms)
			RebuildScriptCaches (23ms)
			SetupLoadedEditorAssemblies (282ms)
				LogAssemblyErrors (0ms)
				InitializePlatformSupportModulesInManaged (7ms)
				SetLoadedEditorAssemblies (0ms)
				RefreshPlugins (128ms)
				BeforeProcessingInitializeOnLoad (1ms)
				ProcessInitializeOnLoadAttributes (105ms)
				ProcessInitializeOnLoadMethodAttributes (41ms)
				AfterProcessingInitializeOnLoad (0ms)
				EditorAssembliesLoaded (0ms)
			ExecutionOrderSort2 (0ms)
			AwakeInstancesAfterBackupRestoration (0ms)
Platform modules already initialized, skipping
Registering precompiled user dll's ...
Registered in 0.005638 seconds.
Begin MonoManager ReloadAssembly
Symbol file LoadedFromMemory doesn't match image A:\Work Program\5-Creature\Unity Stack\Game_Projects\SkillBox_Project_CK_Sample_Scene\Library\PackageCache\com.unity.visualscripting@1.8.0\Editor\VisualScripting.Core\Dependencies\YamlDotNet\Unity.VisualScripting.YamlDotNet.dll
Symbol file LoadedFromMemory doesn't match image A:\Work Program\5-Creature\Unity Stack\Game_Projects\SkillBox_Project_CK_Sample_Scene\Library\PackageCache\com.unity.visualscripting@1.8.0\Editor\VisualScripting.Core\Dependencies\DotNetZip\Unity.VisualScripting.IonicZip.dll
Native extension for WindowsStandalone target not found
Native extension for WebGL target not found
Refreshing native plugins compatible for Editor in 123.65 ms, found 3 plugins.
Preloading 0 native plugins for Editor in 0.00 ms.
Mono: successfully reloaded assembly
- Completed reload, in  1.355 seconds
Domain Reload Profiling:
	ReloadAssembly (1356ms)
		BeginReloadAssembly (95ms)
			ExecutionOrderSort (0ms)
			DisableScriptedObjects (5ms)
			BackupInstance (0ms)
			ReleaseScriptingObjects (0ms)
			CreateAndSetChildDomain (20ms)
		EndReloadAssembly (1173ms)
			LoadAssemblies (77ms)
			RebuildTransferFunctionScriptingTraits (0ms)
			SetupTypeCache (299ms)
			ReleaseScriptCaches (1ms)
			RebuildScriptCaches (82ms)
			SetupLoadedEditorAssemblies (689ms)
				LogAssemblyErrors (0ms)
				InitializePlatformSupportModulesInManaged (3ms)
				SetLoadedEditorAssemblies (0ms)
				RefreshPlugins (124ms)
				BeforeProcessingInitializeOnLoad (104ms)
				ProcessInitializeOnLoadAttributes (310ms)
				ProcessInitializeOnLoadMethodAttributes (145ms)
				AfterProcessingInitializeOnLoad (2ms)
				EditorAssembliesLoaded (0ms)
			ExecutionOrderSort2 (0ms)
			AwakeInstancesAfterBackupRestoration (5ms)
Platform modules already initialized, skipping
========================================================================
Worker process is ready to serve import requests
Launched and connected shader compiler UnityShaderCompiler.exe after 0.04 seconds
Refreshing native plugins compatible for Editor in 1.28 ms, found 3 plugins.
Preloading 0 native plugins for Editor in 0.00 ms.
Unloading 6604 Unused Serialized files (Serialized files now loaded: 0)
Unloading 67 unused Assets / (3.9 MB). Loaded Objects now: 7061.
Memory consumption went from 300.1 MB to 296.2 MB.
Total: 5.116900 ms (FindLiveObjects: 0.484200 ms CreateObjectMapping: 0.159100 ms MarkObjects: 3.528400 ms  DeleteObjects: 0.944600 ms)

AssetImportParameters requested are different than current active one (requested -> active):
  custom:video-decoder-ogg-theora: a1e56fd34408186e4bbccfd4996cb3dc -> 
  custom:container-muxer-webm: aa71ff27fc2769a1b78a27578f13a17b -> 
  custom:container-demuxer-webm: 4f35f7cbe854078d1ac9338744f61a02 -> 
  custom:video-encoder-webm-vp8: eb34c28f22e8b96e1ab97ce403110664 -> 
  custom:video-codec-MediaFoundation-h265: 746d11721c4dcdbdad8f713fa42b33f4 -> 
  custom:audio-encoder-webm-vorbis: bf7c407c2cedff20999df2af8eb42d56 -> 
  custom:framework-win-MediaFoundation: 216162199b28c13a410421893ffa2e32 -> 
  custom:container-demuxer-ogg: 62fdf1f143b41e24485cea50d1cbac27 -> 
  custom:video-decoder-webm-vp8: 9c59270c3fd7afecdb556c50c9e8de78 -> 
  custom:audio-decoder-ogg-vorbis: bf7c407c2cedff20999df2af8eb42d56 -> 
========================================================================
Received Import Request.
  Time since last request: 2073.391975 seconds.
  path: Assets/Scenes/SampleScene.unity
  artifactKey: Guid(3db1837cc97a95e4c98610966fac2b0b) Importer(815301076,1909f56bfc062723c751e8b465ee728b)
Start importing Assets/Scenes/SampleScene.unity using Guid(3db1837cc97a95e4c98610966fac2b0b) Importer(815301076,1909f56bfc062723c751e8b465ee728b)  -> (artifact id: 'aed938c81b9337058068be7bd96189af') in 0.019899 seconds 
========================================================================
Received Import Request.
  Time since last request: 628.322356 seconds.
  path: Assets/BrokenVector/LowPolyShaders
  artifactKey: Guid(c529e5f80a12ab14fb7cfa2f700abe07) Importer(815301076,1909f56bfc062723c751e8b465ee728b)
Start importing Assets/BrokenVector/LowPolyShaders using Guid(c529e5f80a12ab14fb7cfa2f700abe07) Importer(815301076,1909f56bfc062723c751e8b465ee728b)  -> (artifact id: '382f50992414fbb70a0441590b973edb') in 0.006225 seconds 
========================================================================
Received Import Request.
  Time since last request: 0.954777 seconds.
  path: Assets/BrokenVector/LowPolyShaders/Shaders
  artifactKey: Guid(2326b4e5e5251234abbd296c91c048b8) Importer(815301076,1909f56bfc062723c751e8b465ee728b)
Start importing Assets/BrokenVector/LowPolyShaders/Shaders using Guid(2326b4e5e5251234abbd296c91c048b8) Importer(815301076,1909f56bfc062723c751e8b465ee728b)  -> (artifact id: '3720ee9b369f667a60718a5830c5ebce') in 0.006050 seconds 
========================================================================
Received Import Request.
  Time since last request: 2.358971 seconds.
  path: Assets/BrokenVector/LowPolyStoragePack
  artifactKey: Guid(32d2a2c3e91e5044698359eac5ba9f77) Importer(815301076,1909f56bfc062723c751e8b465ee728b)
Start importing Assets/BrokenVector/LowPolyStoragePack using Guid(32d2a2c3e91e5044698359eac5ba9f77) Importer(815301076,1909f56bfc062723c751e8b465ee728b)  -> (artifact id: '2079f6e7844fc4b4a14eca80f906ae2f') in 0.006506 seconds 
========================================================================
Received Import Request.
  Time since last request: 3.384503 seconds.
  path: Assets/BrokenVector/LowPolyStoragePack/Materials
  artifactKey: Guid(e04ab1ea92ba1a44c8f3c9afbe3d8263) Importer(815301076,1909f56bfc062723c751e8b465ee728b)
Start importing Assets/BrokenVector/LowPolyStoragePack/Materials using Guid(e04ab1ea92ba1a44c8f3c9afbe3d8263) Importer(815301076,1909f56bfc062723c751e8b465ee728b)  -> (artifact id: '6f7f605fe2e701462d1dc456a3807d84') in 0.006172 seconds 
========================================================================
Received Import Request.
  Time since last request: 0.037568 seconds.
  path: Assets/BrokenVector/LowPolyStoragePack/Materials/Storage_Diffuse_Blue.mat
  artifactKey: Guid(b0cfeb8b980746945a0afedcf4ec2880) Importer(815301076,1909f56bfc062723c751e8b465ee728b)
Start importing Assets/BrokenVector/LowPolyStoragePack/Materials/Storage_Diffuse_Blue.mat using Guid(b0cfeb8b980746945a0afedcf4ec2880) Importer(815301076,1909f56bfc062723c751e8b465ee728b)  -> (artifact id: 'd871370951fddac5dbdb0e49093e562c') in 2.575421 seconds 
========================================================================
Received Import Request.
  Time since last request: 0.000034 seconds.
  path: Assets/BrokenVector/LowPolyStoragePack/Models/Cabinet_03.dae
  artifactKey: Guid(1ed15304222a5714492c11688b4476ce) Importer(815301076,1909f56bfc062723c751e8b465ee728b)
Start importing Assets/BrokenVector/LowPolyStoragePack/Models/Cabinet_03.dae using Guid(1ed15304222a5714492c11688b4476ce) Importer(815301076,1909f56bfc062723c751e8b465ee728b)  -> (artifact id: 'fba7bcbf19296e87dbda86d30bca5adc') in 1.698210 seconds 
========================================================================
Received Import Request.
  Time since last request: 0.000046 seconds.
  path: Assets/BrokenVector/LowPolyStoragePack/Models/Barrel_03.dae
  artifactKey: Guid(f1a871656407f1843a8eea3435a3ef93) Importer(815301076,1909f56bfc062723c751e8b465ee728b)
Start importing Assets/BrokenVector/LowPolyStoragePack/Models/Barrel_03.dae using Guid(f1a871656407f1843a8eea3435a3ef93) Importer(815301076,1909f56bfc062723c751e8b465ee728b)  -> (artifact id: 'a4e2ce713fb718cf0e2c6d21ee269b52') in 0.018016 seconds 
========================================================================
Received Import Request.
  Time since last request: 0.000032 seconds.
  path: Assets/BrokenVector/LowPolyStoragePack/Models/Bag_01.dae
  artifactKey: Guid(c7d246b320fbfff4093aa541d6a54a80) Importer(815301076,1909f56bfc062723c751e8b465ee728b)
Start importing Assets/BrokenVector/LowPolyStoragePack/Models/Bag_01.dae using Guid(c7d246b320fbfff4093aa541d6a54a80) Importer(815301076,1909f56bfc062723c751e8b465ee728b)  -> (artifact id: 'e41f17f1694ad1d1e7542e70b9f5fdca') in 0.018719 seconds 
========================================================================
Received Import Request.
  Time since last request: 0.000037 seconds.
  path: Assets/BrokenVector/LowPolyStoragePack/Models/Box_01.dae
  artifactKey: Guid(92e94bedf87decc4bab0193195407561) Importer(815301076,1909f56bfc062723c751e8b465ee728b)
Start importing Assets/BrokenVector/LowPolyStoragePack/Models/Box_01.dae using Guid(92e94bedf87decc4bab0193195407561) Importer(815301076,1909f56bfc062723c751e8b465ee728b)  -> (artifact id: '47f04fd2b16ba532eb142f235e817d30') in 0.022006 seconds 
========================================================================
Received Import Request.
  Time since last request: 0.000051 seconds.
  path: Assets/BrokenVector/LowPolyStoragePack/Models/Trashcan_01.dae
  artifactKey: Guid(b4e7baaa5268b264d872a89baff081fe) Importer(815301076,1909f56bfc062723c751e8b465ee728b)
Start importing Assets/BrokenVector/LowPolyStoragePack/Models/Trashcan_01.dae using Guid(b4e7baaa5268b264d872a89baff081fe) Importer(815301076,1909f56bfc062723c751e8b465ee728b)  -> (artifact id: '63f6d2e66440b3555f42b1e430983e5c') in 0.034384 seconds 
========================================================================
Received Import Request.
  Time since last request: 0.000047 seconds.
  path: Assets/BrokenVector/LowPolyStoragePack/Materials/Storage_Metal_Red.mat
  artifactKey: Guid(974e4860cba7dbd478b90327dbc32482) Importer(815301076,1909f56bfc062723c751e8b465ee728b)
Start importing Assets/BrokenVector/LowPolyStoragePack/Materials/Storage_Metal_Red.mat using Guid(974e4860cba7dbd478b90327dbc32482) Importer(815301076,1909f56bfc062723c751e8b465ee728b)  -> (artifact id: 'dc1aab7dc8738de6853b28c75bc44d1c') in 0.025809 seconds 
========================================================================
Received Import Request.
  Time since last request: 0.000054 seconds.
  path: Assets/BrokenVector/LowPolyStoragePack/Models/Barrel_02.dae
  artifactKey: Guid(fd5373b161d0d3e40a2d2ff740e3f795) Importer(815301076,1909f56bfc062723c751e8b465ee728b)
Start importing Assets/BrokenVector/LowPolyStoragePack/Models/Barrel_02.dae using Guid(fd5373b161d0d3e40a2d2ff740e3f795) Importer(815301076,1909f56bfc062723c751e8b465ee728b)  -> (artifact id: '5cad2c17af1418f1d909cb4e3c27babb') in 0.033769 seconds 
========================================================================
Received Import Request.
  Time since last request: 0.000044 seconds.
  path: Assets/BrokenVector/LowPolyStoragePack/Models/Cabinet_01.dae
  artifactKey: Guid(ffda0faa00b197942bab9c63c81e74e5) Importer(815301076,1909f56bfc062723c751e8b465ee728b)
Start importing Assets/BrokenVector/LowPolyStoragePack/Models/Cabinet_01.dae using Guid(ffda0faa00b197942bab9c63c81e74e5) Importer(815301076,1909f56bfc062723c751e8b465ee728b)  -> (artifact id: 'e29dd788214635c36654ea7498c7db95') in 0.035137 seconds 
========================================================================
Received Import Request.
  Time since last request: 0.000060 seconds.
  path: Assets/BrokenVector/LowPolyStoragePack/Models/StorageRack_02.dae
  artifactKey: Guid(7ba0b5a941909f2499cfeed8a6d6a591) Importer(815301076,1909f56bfc062723c751e8b465ee728b)
Start importing Assets/BrokenVector/LowPolyStoragePack/Models/StorageRack_02.dae using Guid(7ba0b5a941909f2499cfeed8a6d6a591) Importer(815301076,1909f56bfc062723c751e8b465ee728b)  -> (artifact id: '8b6b438857866e87cf2f8bb45fa3e734') in 0.035065 seconds 
========================================================================
Received Import Request.
  Time since last request: 0.000047 seconds.
  path: Assets/BrokenVector/LowPolyStoragePack/Models/Barrel_01.dae
  artifactKey: Guid(4570ffb3502664541b65ea4a55f1d760) Importer(815301076,1909f56bfc062723c751e8b465ee728b)
Start importing Assets/BrokenVector/LowPolyStoragePack/Models/Barrel_01.dae using Guid(4570ffb3502664541b65ea4a55f1d760) Importer(815301076,1909f56bfc062723c751e8b465ee728b)  -> (artifact id: '6da9d8f4fe21cca355f5fe13ae8dbf19') in 0.035742 seconds 
========================================================================
Received Import Request.
  Time since last request: 0.000050 seconds.
  path: Assets/BrokenVector/LowPolyStoragePack/Models/AmpRack_01.dae
  artifactKey: Guid(7b7512508ff7ea348a9e143ad109ed99) Importer(815301076,1909f56bfc062723c751e8b465ee728b)
Start importing Assets/BrokenVector/LowPolyStoragePack/Models/AmpRack_01.dae using Guid(7b7512508ff7ea348a9e143ad109ed99) Importer(815301076,1909f56bfc062723c751e8b465ee728b)  -> (artifact id: '015c5251c5dfc1d6819f852ab8264cb3') in 0.030263 seconds 
========================================================================
Received Import Request.
  Time since last request: 0.000045 seconds.
  path: Assets/BrokenVector/LowPolyStoragePack/Models/Container_01.dae
  artifactKey: Guid(69aae84d594b6f24995327e55246f937) Importer(815301076,1909f56bfc062723c751e8b465ee728b)
Start importing Assets/BrokenVector/LowPolyStoragePack/Models/Container_01.dae using Guid(69aae84d594b6f24995327e55246f937) Importer(815301076,1909f56bfc062723c751e8b465ee728b)  -> (artifact id: 'c4285bcaf127c6d56ab71f50c370dffc') in 0.034738 seconds 
========================================================================
Received Import Request.
  Time since last request: 0.000056 seconds.
  path: Assets/BrokenVector/LowPolyStoragePack/Models/Crate_02.dae
  artifactKey: Guid(5453a8aedae39ad4a8f64c24f9fc848a) Importer(815301076,1909f56bfc062723c751e8b465ee728b)
Start importing Assets/BrokenVector/LowPolyStoragePack/Models/Crate_02.dae using Guid(5453a8aedae39ad4a8f64c24f9fc848a) Importer(815301076,1909f56bfc062723c751e8b465ee728b)  -> (artifact id: 'e1e8bca14cee06013a0eb5c20cb7b0ad') in 0.032201 seconds 
========================================================================
Received Import Request.
  Time since last request: 0.000064 seconds.
  path: Assets/BrokenVector/LowPolyStoragePack/Models/Box_02.dae
  artifactKey: Guid(7fe7437dc8388e2409a2bdce2c2d1c3c) Importer(815301076,1909f56bfc062723c751e8b465ee728b)
Start importing Assets/BrokenVector/LowPolyStoragePack/Models/Box_02.dae using Guid(7fe7437dc8388e2409a2bdce2c2d1c3c) Importer(815301076,1909f56bfc062723c751e8b465ee728b)  -> (artifact id: '89f05967e7efe04fe121ec5178747837') in 0.029451 seconds 
========================================================================
Received Import Request.
  Time since last request: 0.000048 seconds.
  path: Assets/BrokenVector/LowPolyStoragePack/Models/Locker.dae
  artifactKey: Guid(2d260eb281c666c428d94133569434d4) Importer(815301076,1909f56bfc062723c751e8b465ee728b)
Start importing Assets/BrokenVector/LowPolyStoragePack/Models/Locker.dae using Guid(2d260eb281c666c428d94133569434d4) Importer(815301076,1909f56bfc062723c751e8b465ee728b)  -> (artifact id: '1886d2fc90dbd03696da7abb81ab2ce6') in 0.038987 seconds 
========================================================================
Received Import Request.
  Time since last request: 0.000053 seconds.
  path: Assets/BrokenVector/LowPolyStoragePack/Models/AmpRack_02.dae
  artifactKey: Guid(d31353d1f3002254bb9c6dccb795b548) Importer(815301076,1909f56bfc062723c751e8b465ee728b)
Start importing Assets/BrokenVector/LowPolyStoragePack/Models/AmpRack_02.dae using Guid(d31353d1f3002254bb9c6dccb795b548) Importer(815301076,1909f56bfc062723c751e8b465ee728b)  -> (artifact id: '95beb7ad16e31f6ac743abd3d3ff84e4') in 0.042797 seconds 
========================================================================
Received Import Request.
  Time since last request: 0.000046 seconds.
  path: Assets/BrokenVector/LowPolyStoragePack/Models/Cabinet_02.dae
  artifactKey: Guid(a9cbe19c5ceb4e34e89fe52e9d4d8918) Importer(815301076,1909f56bfc062723c751e8b465ee728b)
Start importing Assets/BrokenVector/LowPolyStoragePack/Models/Cabinet_02.dae using Guid(a9cbe19c5ceb4e34e89fe52e9d4d8918) Importer(815301076,1909f56bfc062723c751e8b465ee728b)  -> (artifact id: '344a99af386b0f6ecb118580d9b9d0f1') in 0.030810 seconds 
========================================================================
Received Import Request.
  Time since last request: 0.000317 seconds.
  path: Assets/BrokenVector/LowPolyStoragePack/Materials/Storage_Unlit_Red.mat
  artifactKey: Guid(c361b9c61d93b424c972e2699e35553d) Importer(815301076,1909f56bfc062723c751e8b465ee728b)
Start importing Assets/BrokenVector/LowPolyStoragePack/Materials/Storage_Unlit_Red.mat using Guid(c361b9c61d93b424c972e2699e35553d) Importer(815301076,1909f56bfc062723c751e8b465ee728b)  -> (artifact id: '0effa5b47c7142ab6f7939b10700c98a') in 0.025537 seconds 
========================================================================
Received Import Request.
  Time since last request: 0.000044 seconds.
  path: Assets/BrokenVector/LowPolyStoragePack/Materials/Storage_Unlit_Green.mat
  artifactKey: Guid(2c2fa0db6f0ab4e49a518ffedd66cc22) Importer(815301076,1909f56bfc062723c751e8b465ee728b)
Start importing Assets/BrokenVector/LowPolyStoragePack/Materials/Storage_Unlit_Green.mat using Guid(2c2fa0db6f0ab4e49a518ffedd66cc22) Importer(815301076,1909f56bfc062723c751e8b465ee728b)  -> (artifact id: '925a7147a01806147a05c58a1e890192') in 0.024349 seconds 
========================================================================
Received Import Request.
  Time since last request: 0.000047 seconds.
  path: Assets/BrokenVector/LowPolyStoragePack/Materials/Storage_Diffuse_Yellow.mat
  artifactKey: Guid(527353d9e6270254680287bb2593d299) Importer(815301076,1909f56bfc062723c751e8b465ee728b)
Start importing Assets/BrokenVector/LowPolyStoragePack/Materials/Storage_Diffuse_Yellow.mat using Guid(527353d9e6270254680287bb2593d299) Importer(815301076,1909f56bfc062723c751e8b465ee728b)  -> (artifact id: '7f103c4b40bc8dafa6c1867a3f207e3c') in 0.021812 seconds 
========================================================================
Received Import Request.
  Time since last request: 0.000047 seconds.
  path: Assets/BrokenVector/LowPolyStoragePack/Materials/Storage_Metal_Blue.mat
  artifactKey: Guid(2baa316d3d6d44d44b49de38958c3fcc) Importer(815301076,1909f56bfc062723c751e8b465ee728b)
Start importing Assets/BrokenVector/LowPolyStoragePack/Materials/Storage_Metal_Blue.mat using Guid(2baa316d3d6d44d44b49de38958c3fcc) Importer(815301076,1909f56bfc062723c751e8b465ee728b)  -> (artifact id: 'dea9dc4ddb1f2f555dcd27c06fb358f8') in 0.023963 seconds 
========================================================================
Received Import Request.
  Time since last request: 0.000046 seconds.
  path: Assets/BrokenVector/LowPolyStoragePack/Models/Giftbox_03.dae
  artifactKey: Guid(6e1aa28bf5d4c4b4fa59f8a99be843a6) Importer(815301076,1909f56bfc062723c751e8b465ee728b)
Start importing Assets/BrokenVector/LowPolyStoragePack/Models/Giftbox_03.dae using Guid(6e1aa28bf5d4c4b4fa59f8a99be843a6) Importer(815301076,1909f56bfc062723c751e8b465ee728b)  -> (artifact id: '09b771eff1d6aa96fc8e4589e29b7a2e') in 0.040058 seconds 
========================================================================
Received Import Request.
  Time since last request: 0.000067 seconds.
  path: Assets/BrokenVector/LowPolyStoragePack/Models/Cabinet_04.dae
  artifactKey: Guid(600ba151e48aa1b42afe71cd57559343) Importer(815301076,1909f56bfc062723c751e8b465ee728b)
Start importing Assets/BrokenVector/LowPolyStoragePack/Models/Cabinet_04.dae using Guid(600ba151e48aa1b42afe71cd57559343) Importer(815301076,1909f56bfc062723c751e8b465ee728b)  -> (artifact id: 'd9c7e22684050e81504d2beb40bfec23') in 0.028952 seconds 
Editor requested this worker to shutdown with reason: Scaling down because of idle timeout
AssetImportWorker is now disconnected from the server
Process exiting
Exiting without the bug reporter. Application will terminate with return code 0