Using pre-set license
Built from '2021.3/staging' branch; Version is '2021.3.25f1 (68ef2c4f8861) revision 6876972'; Using compiler version '192829333'; Build Type 'Release'
OS: 'Windows 11  (10.0.22621) 64bit Professional' Language: 'ru' Physical Memory: 65439 MB
BatchMode: 1, IsHumanControllingUs: 0, StartBugReporterOnCrash: 0, Is64bit: 1, IsPro: 1

COMMAND LINE ARGUMENTS:
A:\Work Program\5-Creature\Unity Stack\Unity\2021.3.25f1\Editor\Unity.exe
-adb2
-batchMode
-noUpm
-name
AssetImportWorker5
-projectPath
A:/Work Program/5-Creature/Unity Stack/Game_Projects/SkillBox_Project_CK_Sample_Scene
-logFile
Logs/AssetImportWorker5.log
-srvPort
51552
Successfully changed project path to: A:/Work Program/5-Creature/Unity Stack/Game_Projects/SkillBox_Project_CK_Sample_Scene
A:/Work Program/5-Creature/Unity Stack/Game_Projects/SkillBox_Project_CK_Sample_Scene
[UnityMemory] Configuration Parameters - Can be set up in boot.config
    "memorysetup-bucket-allocator-granularity=16"
    "memorysetup-bucket-allocator-bucket-count=8"
    "memorysetup-bucket-allocator-block-size=33554432"
    "memorysetup-bucket-allocator-block-count=8"
    "memorysetup-main-allocator-block-size=16777216"
    "memorysetup-thread-allocator-block-size=16777216"
    "memorysetup-gfx-main-allocator-block-size=16777216"
    "memorysetup-gfx-thread-allocator-block-size=16777216"
    "memorysetup-cache-allocator-block-size=4194304"
    "memorysetup-typetree-allocator-block-size=2097152"
    "memorysetup-profiler-bucket-allocator-granularity=16"
    "memorysetup-profiler-bucket-allocator-bucket-count=8"
    "memorysetup-profiler-bucket-allocator-block-size=33554432"
    "memorysetup-profiler-bucket-allocator-block-count=8"
    "memorysetup-profiler-allocator-block-size=16777216"
    "memorysetup-profiler-editor-allocator-block-size=1048576"
    "memorysetup-temp-allocator-size-main=16777216"
    "memorysetup-job-temp-allocator-block-size=2097152"
    "memorysetup-job-temp-allocator-block-size-background=1048576"
    "memorysetup-job-temp-allocator-reduction-small-platforms=262144"
    "memorysetup-temp-allocator-size-background-worker=32768"
    "memorysetup-temp-allocator-size-job-worker=262144"
    "memorysetup-temp-allocator-size-preload-manager=33554432"
    "memorysetup-temp-allocator-size-nav-mesh-worker=65536"
    "memorysetup-temp-allocator-size-audio-worker=65536"
    "memorysetup-temp-allocator-size-cloud-worker=32768"
    "memorysetup-temp-allocator-size-gi-baking-worker=262144"
    "memorysetup-temp-allocator-size-gfx=262144"
Player connection [26200] Host "[IP] 192.168.1.82 [Port] 0 [Flags] 2 [Guid] 1440224051 [EditorId] 1440224051 [Version] 1048832 [Id] WindowsEditor(7,L1TANK) [Debug] 1 [PackageName] WindowsEditor [ProjectName] Editor" joined multi-casting on [225.0.0.222:54997]...

Player connection [26200] Host "[IP] 192.168.1.82 [Port] 0 [Flags] 2 [Guid] 1440224051 [EditorId] 1440224051 [Version] 1048832 [Id] WindowsEditor(7,L1TANK) [Debug] 1 [PackageName] WindowsEditor [ProjectName] Editor" joined alternative multi-casting on [225.0.0.222:34997]...

Refreshing native plugins compatible for Editor in 115.68 ms, found 3 plugins.
Preloading 0 native plugins for Editor in 0.00 ms.
Initialize engine version: 2021.3.25f1 (68ef2c4f8861)
[Subsystems] Discovering subsystems at path A:/Work Program/5-Creature/Unity Stack/Unity/2021.3.25f1/Editor/Data/Resources/UnitySubsystems
[Subsystems] Discovering subsystems at path A:/Work Program/5-Creature/Unity Stack/Game_Projects/SkillBox_Project_CK_Sample_Scene/Assets
GfxDevice: creating device client; threaded=0; jobified=0
Direct3D:
    Version:  Direct3D 11.0 [level 11.1]
    Renderer: NVIDIA GeForce RTX 3070 (ID=0x2488)
    Vendor:   NVIDIA
    VRAM:     8032 MB
    Driver:   31.0.15.3758
Initialize mono
Mono path[0] = 'A:/Work Program/5-Creature/Unity Stack/Unity/2021.3.25f1/Editor/Data/Managed'
Mono path[1] = 'A:/Work Program/5-Creature/Unity Stack/Unity/2021.3.25f1/Editor/Data/MonoBleedingEdge/lib/mono/unityjit-win32'
Mono config path = 'A:/Work Program/5-Creature/Unity Stack/Unity/2021.3.25f1/Editor/Data/MonoBleedingEdge/etc'
Using monoOptions --debugger-agent=transport=dt_socket,embedding=1,server=y,suspend=n,address=127.0.0.1:56720
Begin MonoManager ReloadAssembly
Registering precompiled unity dll's ...
Register platform support module: A:/Work Program/5-Creature/Unity Stack/Unity/2021.3.25f1/Editor/Data/PlaybackEngines/WebGLSupport/UnityEditor.WebGL.Extensions.dll
Register platform support module: A:/Work Program/5-Creature/Unity Stack/Unity/2021.3.25f1/Editor/Data/PlaybackEngines/WindowsStandaloneSupport/UnityEditor.WindowsStandalone.Extensions.dll
Registered in 0.003839 seconds.
Native extension for WindowsStandalone target not found
Native extension for WebGL target not found
Refreshing native plugins compatible for Editor in 226.71 ms, found 3 plugins.
Preloading 0 native plugins for Editor in 0.00 ms.
Mono: successfully reloaded assembly
- Completed reload, in  0.977 seconds
Domain Reload Profiling:
	ReloadAssembly (978ms)
		BeginReloadAssembly (75ms)
			ExecutionOrderSort (0ms)
			DisableScriptedObjects (0ms)
			BackupInstance (0ms)
			ReleaseScriptingObjects (0ms)
			CreateAndSetChildDomain (0ms)
		EndReloadAssembly (772ms)
			LoadAssemblies (75ms)
			RebuildTransferFunctionScriptingTraits (0ms)
			SetupTypeCache (153ms)
			ReleaseScriptCaches (0ms)
			RebuildScriptCaches (37ms)
			SetupLoadedEditorAssemblies (521ms)
				LogAssemblyErrors (0ms)
				InitializePlatformSupportModulesInManaged (9ms)
				SetLoadedEditorAssemblies (1ms)
				RefreshPlugins (227ms)
				BeforeProcessingInitializeOnLoad (2ms)
				ProcessInitializeOnLoadAttributes (214ms)
				ProcessInitializeOnLoadMethodAttributes (69ms)
				AfterProcessingInitializeOnLoad (0ms)
				EditorAssembliesLoaded (0ms)
			ExecutionOrderSort2 (0ms)
			AwakeInstancesAfterBackupRestoration (0ms)
Platform modules already initialized, skipping
Registering precompiled user dll's ...
Registered in 0.006960 seconds.
Begin MonoManager ReloadAssembly
Symbol file LoadedFromMemory doesn't match image A:\Work Program\5-Creature\Unity Stack\Game_Projects\SkillBox_Project_CK_Sample_Scene\Library\PackageCache\com.unity.visualscripting@1.8.0\Editor\VisualScripting.Core\Dependencies\YamlDotNet\Unity.VisualScripting.YamlDotNet.dll
Symbol file LoadedFromMemory doesn't match image A:\Work Program\5-Creature\Unity Stack\Game_Projects\SkillBox_Project_CK_Sample_Scene\Library\PackageCache\com.unity.visualscripting@1.8.0\Editor\VisualScripting.Core\Dependencies\DotNetZip\Unity.VisualScripting.IonicZip.dll
Native extension for WindowsStandalone target not found
Native extension for WebGL target not found
Refreshing native plugins compatible for Editor in 128.07 ms, found 3 plugins.
Preloading 0 native plugins for Editor in 0.00 ms.
Mono: successfully reloaded assembly
- Completed reload, in  1.519 seconds
Domain Reload Profiling:
	ReloadAssembly (1519ms)
		BeginReloadAssembly (110ms)
			ExecutionOrderSort (0ms)
			DisableScriptedObjects (5ms)
			BackupInstance (0ms)
			ReleaseScriptingObjects (0ms)
			CreateAndSetChildDomain (28ms)
		EndReloadAssembly (1322ms)
			LoadAssemblies (86ms)
			RebuildTransferFunctionScriptingTraits (0ms)
			SetupTypeCache (328ms)
			ReleaseScriptCaches (2ms)
			RebuildScriptCaches (86ms)
			SetupLoadedEditorAssemblies (794ms)
				LogAssemblyErrors (0ms)
				InitializePlatformSupportModulesInManaged (3ms)
				SetLoadedEditorAssemblies (0ms)
				RefreshPlugins (128ms)
				BeforeProcessingInitializeOnLoad (120ms)
				ProcessInitializeOnLoadAttributes (350ms)
				ProcessInitializeOnLoadMethodAttributes (190ms)
				AfterProcessingInitializeOnLoad (2ms)
				EditorAssembliesLoaded (0ms)
			ExecutionOrderSort2 (0ms)
			AwakeInstancesAfterBackupRestoration (5ms)
Platform modules already initialized, skipping
========================================================================
Worker process is ready to serve import requests
Launched and connected shader compiler UnityShaderCompiler.exe after 0.05 seconds
Refreshing native plugins compatible for Editor in 2.19 ms, found 3 plugins.
Preloading 0 native plugins for Editor in 0.00 ms.
Unloading 6606 Unused Serialized files (Serialized files now loaded: 0)
Unloading 67 unused Assets / (3.9 MB). Loaded Objects now: 7066.
Memory consumption went from 301.3 MB to 297.4 MB.
Total: 4.937700 ms (FindLiveObjects: 0.553300 ms CreateObjectMapping: 0.465300 ms MarkObjects: 3.034900 ms  DeleteObjects: 0.883300 ms)

AssetImportParameters requested are different than current active one (requested -> active):
  custom:video-decoder-ogg-theora: a1e56fd34408186e4bbccfd4996cb3dc -> 
  custom:container-muxer-webm: aa71ff27fc2769a1b78a27578f13a17b -> 
  custom:container-demuxer-webm: 4f35f7cbe854078d1ac9338744f61a02 -> 
  custom:video-encoder-webm-vp8: eb34c28f22e8b96e1ab97ce403110664 -> 
  custom:video-codec-MediaFoundation-h265: 746d11721c4dcdbdad8f713fa42b33f4 -> 
  custom:audio-encoder-webm-vorbis: bf7c407c2cedff20999df2af8eb42d56 -> 
  custom:framework-win-MediaFoundation: 216162199b28c13a410421893ffa2e32 -> 
  custom:container-demuxer-ogg: 62fdf1f143b41e24485cea50d1cbac27 -> 
  custom:video-decoder-webm-vp8: 9c59270c3fd7afecdb556c50c9e8de78 -> 
  custom:audio-decoder-ogg-vorbis: bf7c407c2cedff20999df2af8eb42d56 -> 
========================================================================
Received Prepare
Shader 'TextMeshPro/Distance Field': fallback shader 'TextMeshPro/Mobile/Distance Field' not found
Refreshing native plugins compatible for Editor in 5.79 ms, found 3 plugins.
Preloading 0 native plugins for Editor in 0.00 ms.
Unloading 384 Unused Serialized files (Serialized files now loaded: 0)
Unloading 106 unused Assets / (7.8 MB). Loaded Objects now: 7348.
Memory consumption went from 175.2 MB to 167.4 MB.
Total: 6.457800 ms (FindLiveObjects: 0.521100 ms CreateObjectMapping: 0.435200 ms MarkObjects: 2.968300 ms  DeleteObjects: 2.532200 ms)

AssetImportParameters requested are different than current active one (requested -> active):
  custom:video-decoder-ogg-theora: a1e56fd34408186e4bbccfd4996cb3dc -> 
  custom:container-muxer-webm: aa71ff27fc2769a1b78a27578f13a17b -> 
  custom:container-demuxer-webm: 4f35f7cbe854078d1ac9338744f61a02 -> 
  custom:video-encoder-webm-vp8: eb34c28f22e8b96e1ab97ce403110664 -> 
  custom:video-codec-MediaFoundation-h265: 746d11721c4dcdbdad8f713fa42b33f4 -> 
  custom:audio-encoder-webm-vorbis: bf7c407c2cedff20999df2af8eb42d56 -> 
  custom:framework-win-MediaFoundation: 216162199b28c13a410421893ffa2e32 -> 
  custom:container-demuxer-ogg: 62fdf1f143b41e24485cea50d1cbac27 -> 
  custom:video-decoder-webm-vp8: 9c59270c3fd7afecdb556c50c9e8de78 -> 
  custom:audio-decoder-ogg-vorbis: bf7c407c2cedff20999df2af8eb42d56 -> 
========================================================================
Received Prepare
Refreshing native plugins compatible for Editor in 4.69 ms, found 3 plugins.
Preloading 0 native plugins for Editor in 0.00 ms.
Unloading 100 Unused Serialized files (Serialized files now loaded: 0)
Unloading 100 unused Assets / (7.7 MB). Loaded Objects now: 7348.
Memory consumption went from 169.4 MB to 161.7 MB.
Total: 8.111200 ms (FindLiveObjects: 0.895800 ms CreateObjectMapping: 0.337100 ms MarkObjects: 4.087500 ms  DeleteObjects: 2.790200 ms)

AssetImportParameters requested are different than current active one (requested -> active):
  custom:video-decoder-ogg-theora: a1e56fd34408186e4bbccfd4996cb3dc -> 
  custom:container-muxer-webm: aa71ff27fc2769a1b78a27578f13a17b -> 
  custom:container-demuxer-webm: 4f35f7cbe854078d1ac9338744f61a02 -> 
  custom:video-encoder-webm-vp8: eb34c28f22e8b96e1ab97ce403110664 -> 
  custom:video-codec-MediaFoundation-h265: 746d11721c4dcdbdad8f713fa42b33f4 -> 
  custom:audio-encoder-webm-vorbis: bf7c407c2cedff20999df2af8eb42d56 -> 
  custom:framework-win-MediaFoundation: 216162199b28c13a410421893ffa2e32 -> 
  custom:container-demuxer-ogg: 62fdf1f143b41e24485cea50d1cbac27 -> 
  custom:video-decoder-webm-vp8: 9c59270c3fd7afecdb556c50c9e8de78 -> 
  custom:audio-decoder-ogg-vorbis: bf7c407c2cedff20999df2af8eb42d56 -> 
========================================================================
Received Import Request.
  Time since last request: 5224.897126 seconds.
  path: Assets/AssetsForGame/Paulisia_S/3D Game Kit - Lowpoly city assets/Models/buildings/bakery.fbx
  artifactKey: Guid(45e0e564cc7e22d4a89e8b862b96b385) Importer(815301076,1909f56bfc062723c751e8b465ee728b)
Start importing Assets/AssetsForGame/Paulisia_S/3D Game Kit - Lowpoly city assets/Models/buildings/bakery.fbx using Guid(45e0e564cc7e22d4a89e8b862b96b385) Importer(815301076,1909f56bfc062723c751e8b465ee728b)  -> (artifact id: '42dab0d22591b838ae6a88264aa63f46') in 0.313910 seconds 
========================================================================
Received Import Request.
  Time since last request: 0.000031 seconds.
  path: Assets/AssetsForGame/Paulisia_S/3D Game Kit - Lowpoly city assets/Models/buildings/cinema.fbx
  artifactKey: Guid(1b74af686560d35408dab5752952d4d2) Importer(815301076,1909f56bfc062723c751e8b465ee728b)
Start importing Assets/AssetsForGame/Paulisia_S/3D Game Kit - Lowpoly city assets/Models/buildings/cinema.fbx using Guid(1b74af686560d35408dab5752952d4d2) Importer(815301076,1909f56bfc062723c751e8b465ee728b)  -> (artifact id: '7135fd05eac5d6abb4e07ae6953af87c') in 0.126739 seconds 
========================================================================
Received Import Request.
  Time since last request: 0.000037 seconds.
  path: Assets/AssetsForGame/Paulisia_S/3D Game Kit - Lowpoly city assets/Models/vehicles/sport_car.fbx
  artifactKey: Guid(975fc14820d2c72409adbdad3e6c2edc) Importer(815301076,1909f56bfc062723c751e8b465ee728b)
Start importing Assets/AssetsForGame/Paulisia_S/3D Game Kit - Lowpoly city assets/Models/vehicles/sport_car.fbx using Guid(975fc14820d2c72409adbdad3e6c2edc) Importer(815301076,1909f56bfc062723c751e8b465ee728b)  -> (artifact id: 'c8218322393bbbef84412d4246f0a9df') in 0.036900 seconds 
========================================================================
Received Import Request.
  Time since last request: 0.000024 seconds.
  path: Assets/AssetsForGame/Paulisia_S/3D Game Kit - Lowpoly city assets/Models/vehicles/blue_car.fbx
  artifactKey: Guid(eab79a0ced611f74fbd69ab6fbc86be0) Importer(815301076,1909f56bfc062723c751e8b465ee728b)
Start importing Assets/AssetsForGame/Paulisia_S/3D Game Kit - Lowpoly city assets/Models/vehicles/blue_car.fbx using Guid(eab79a0ced611f74fbd69ab6fbc86be0) Importer(815301076,1909f56bfc062723c751e8b465ee728b)  -> (artifact id: '65cf47deced4538b1318c4408dbbff1f') in 0.039645 seconds 
========================================================================
Received Import Request.
  Time since last request: 0.000029 seconds.
  path: Assets/AssetsForGame/Paulisia_S/3D Game Kit - Lowpoly city assets/Models/vehicles/small_car.fbx
  artifactKey: Guid(1f5857c54b890ac488e956867af273af) Importer(815301076,1909f56bfc062723c751e8b465ee728b)
Start importing Assets/AssetsForGame/Paulisia_S/3D Game Kit - Lowpoly city assets/Models/vehicles/small_car.fbx using Guid(1f5857c54b890ac488e956867af273af) Importer(815301076,1909f56bfc062723c751e8b465ee728b)  -> (artifact id: 'c5379b7293461c30f2eb3ed204e14608') in 0.037085 seconds 
========================================================================
Received Import Request.
  Time since last request: 0.000023 seconds.
  path: Assets/AssetsForGame/Paulisia_S/3D Game Kit - Lowpoly city assets/Models/buildings/pizzeria.fbx
  artifactKey: Guid(48b827cb18856564391c0e366f1e9b91) Importer(815301076,1909f56bfc062723c751e8b465ee728b)
Start importing Assets/AssetsForGame/Paulisia_S/3D Game Kit - Lowpoly city assets/Models/buildings/pizzeria.fbx using Guid(48b827cb18856564391c0e366f1e9b91) Importer(815301076,1909f56bfc062723c751e8b465ee728b)  -> (artifact id: '6156400b49085da37734c3322d1dba20') in 0.031511 seconds 
========================================================================
Received Import Request.
  Time since last request: 0.000017 seconds.
  path: Assets/AssetsForGame/Paulisia_S/3D Game Kit - Lowpoly city assets/Models/buildings/fire_station.fbx
  artifactKey: Guid(9b4f0aa396369e14294f9e6b4d8bf86d) Importer(815301076,1909f56bfc062723c751e8b465ee728b)
Start importing Assets/AssetsForGame/Paulisia_S/3D Game Kit - Lowpoly city assets/Models/buildings/fire_station.fbx using Guid(9b4f0aa396369e14294f9e6b4d8bf86d) Importer(815301076,1909f56bfc062723c751e8b465ee728b)  -> (artifact id: '1f0ecbd836138d7895960c1d35a749ed') in 0.028332 seconds 
========================================================================
Received Import Request.
  Time since last request: 0.000027 seconds.
  path: Assets/AssetsForGame/Paulisia_S/3D Game Kit - Lowpoly city assets/Models/vehicles/police.fbx
  artifactKey: Guid(4071d021bac217c43a577ab57a431aa2) Importer(815301076,1909f56bfc062723c751e8b465ee728b)
Start importing Assets/AssetsForGame/Paulisia_S/3D Game Kit - Lowpoly city assets/Models/vehicles/police.fbx using Guid(4071d021bac217c43a577ab57a431aa2) Importer(815301076,1909f56bfc062723c751e8b465ee728b)  -> (artifact id: '0a0c1b846ad54d99188e98250e858099') in 0.042195 seconds 
========================================================================
Received Import Request.
  Time since last request: 0.000034 seconds.
  path: Assets/AssetsForGame/BrokenVector4/LowPolyCarPack/ExampleAssets/Models/Materials/yellowgreen.mat
  artifactKey: Guid(c86769698a3d6814d9e5a560c5c20e6c) Importer(815301076,1909f56bfc062723c751e8b465ee728b)
Start importing Assets/AssetsForGame/BrokenVector4/LowPolyCarPack/ExampleAssets/Models/Materials/yellowgreen.mat using Guid(c86769698a3d6814d9e5a560c5c20e6c) Importer(815301076,1909f56bfc062723c751e8b465ee728b)  -> (artifact id: '422d40da109b9e58fe6215172b14a260') in 0.015313 seconds 
========================================================================
Received Import Request.
  Time since last request: 0.000025 seconds.
  path: Assets/SampleSceneAssets/Materials/General/WoodLight_Mat.mat
  artifactKey: Guid(4e5d77e737d61bc4582d0aff8c34e9ee) Importer(815301076,1909f56bfc062723c751e8b465ee728b)
Start importing Assets/SampleSceneAssets/Materials/General/WoodLight_Mat.mat using Guid(4e5d77e737d61bc4582d0aff8c34e9ee) Importer(815301076,1909f56bfc062723c751e8b465ee728b)  -> (artifact id: '9a8a351bbeab5d86c985f61d0ff1c0a8') in 0.229652 seconds 
========================================================================
Received Import Request.
  Time since last request: 0.000025 seconds.
  path: Assets/AssetsForGame/Paulisia_S/3D Game Kit - Lowpoly city assets/Models/vehicles/ambulance.fbx
  artifactKey: Guid(ff970cddf863e5a4193462d9010d3c62) Importer(815301076,1909f56bfc062723c751e8b465ee728b)
Start importing Assets/AssetsForGame/Paulisia_S/3D Game Kit - Lowpoly city assets/Models/vehicles/ambulance.fbx using Guid(ff970cddf863e5a4193462d9010d3c62) Importer(815301076,1909f56bfc062723c751e8b465ee728b)  -> (artifact id: 'b4f3be1873c67ca42e2ee984de6b19bd') in 0.035922 seconds 
Editor requested this worker to shutdown with reason: Scaling down because of idle timeout
AssetImportWorker is now disconnected from the server
Process exiting
Exiting without the bug reporter. Application will terminate with return code 0